# JRE version: Java(TM) SE Runtime Environment (14.0.2+12) (build 14.0.2+12-46)
# Java VM: Java HotSpot(TM) 64-Bit Server VM (14.0.2+12-46, mixed mode, sharing, tiered, compressed oops, g1 gc, windows-amd64)
Heap:
 garbage-first heap   total 34816K, used 9330K [0x0000000082000000, 0x0000000100000000)
  region size 1024K, 7 young (7168K), 5 survivors (5120K)
 Metaspace       used 18503K, capacity 19131K, committed 19200K, reserved 1071104K
  class space    used 2280K, capacity 2503K, committed 2560K, reserved 1048576K
GC Heap History (7 events):
Event: 0.981 GC heap before
{Heap before GC invocations=0 (full 0):
 garbage-first heap   total 129024K, used 12288K [0x0000000082000000, 0x0000000100000000)
  region size 1024K, 13 young (13312K), 0 survivors (0K)
 Metaspace       used 3098K, capacity 5662K, committed 5760K, reserved 1056768K
  class space    used 310K, capacity 568K, committed 640K, reserved 1048576K
}
Event: 0.992 GC heap after
{Heap after GC invocations=1 (full 0):
 garbage-first heap   total 129024K, used 4112K [0x0000000082000000, 0x0000000100000000)
  region size 1024K, 2 young (2048K), 2 survivors (2048K)
 Metaspace       used 3098K, capacity 5662K, committed 5760K, reserved 1056768K
  class space    used 310K, capacity 568K, committed 640K, reserved 1048576K
}
Event: 1.355 GC heap before
{Heap before GC invocations=1 (full 0):
 garbage-first heap   total 129024K, used 15376K [0x0000000082000000, 0x0000000100000000)
  region size 1024K, 13 young (13312K), 2 survivors (2048K)
 Metaspace       used 5433K, capacity 7228K, committed 7552K, reserved 1056768K
  class space    used 629K, capacity 818K, committed 896K, reserved 1048576K
}
Event: 1.360 GC heap after
{Heap after GC invocations=2 (full 0):
 garbage-first heap   total 129024K, used 4886K [0x0000000082000000, 0x0000000100000000)
  region size 1024K, 1 young (1024K), 1 survivors (1024K)
 Metaspace       used 5433K, capacity 7228K, committed 7552K, reserved 1056768K
  class space    used 629K, capacity 818K, committed 896K, reserved 1048576K
}
Event: 2.313 GC heap before
{Heap before GC invocations=2 (full 0):
 garbage-first heap   total 129024K, used 30486K [0x0000000082000000, 0x0000000100000000)
  region size 1024K, 26 young (26624K), 1 survivors (1024K)
 Metaspace       used 11258K, capacity 12022K, committed 12032K, reserved 1060864K
  class space    used 1383K, capacity 1533K, committed 1536K, reserved 1048576K
}
Event: 2.325 GC heap after
{Heap after GC invocations=3 (full 0):
 garbage-first heap   total 129024K, used 6248K [0x0000000082000000, 0x0000000100000000)
  region size 1024K, 3 young (3072K), 3 survivors (3072K)
 Metaspace       used 11258K, capacity 12022K, committed 12032K, reserved 1060864K
  class space    used 1383K, capacity 1533K, committed 1536K, reserved 1048576K
}
Event: 4.527 GC heap before
{Heap before GC invocations=3 (full 0):
 garbage-first heap   total 129024K, used 55400K [0x0000000082000000, 0x0000000100000000)
  region size 1024K, 53 young (54272K), 3 survivors (3072K)
 Metaspace       used 18313K, capacity 18872K, committed 18944K, reserved 1071104K
  class space    used 2255K, capacity 2502K, committed 2560K, reserved 1048576K
}

