# JRE version: Java(TM) SE Runtime Environment (14.0.2+12) (build 14.0.2+12-46)
# Java VM: Java HotSpot(TM) 64-Bit Server VM (14.0.2+12-46, mixed mode, sharing, tiered, compressed oops, g1 gc, windows-amd64)
Heap:
 garbage-first heap   total 37888K, used 25745K [0x0000000082000000, 0x0000000100000000)
  region size 1024K, 9 young (9216K), 2 survivors (2048K)
 Metaspace       used 43874K, capacity 45346K, committed 45596K, reserved 1089536K
  class space    used 5558K, capacity 6135K, committed 6192K, reserved 1048576K
GC Heap History (20 events):
Event: 11.674 GC heap before
{Heap before GC invocations=6 (full 0):
 garbage-first heap   total 37888K, used 26180K [0x0000000082000000, 0x0000000100000000)
  region size 1024K, 17 young (17408K), 2 survivors (2048K)
 Metaspace       used 25938K, capacity 26832K, committed 26928K, reserved 1073152K
  class space    used 3258K, capacity 3602K, committed 3632K, reserved 1048576K
}
Event: 11.678 GC heap after
{Heap after GC invocations=7 (full 0):
 garbage-first heap   total 37888K, used 11480K [0x0000000082000000, 0x0000000100000000)
  region size 1024K, 3 young (3072K), 3 survivors (3072K)
 Metaspace       used 25938K, capacity 26832K, committed 26928K, reserved 1073152K
  class space    used 3258K, capacity 3602K, committed 3632K, reserved 1048576K
}
Event: 12.318 GC heap before
{Heap before GC invocations=7 (full 0):
 garbage-first heap   total 37888K, used 26840K [0x0000000082000000, 0x0000000100000000)
  region size 1024K, 18 young (18432K), 3 survivors (3072K)
 Metaspace       used 29274K, capacity 30337K, committed 30512K, reserved 1075200K
  class space    used 3735K, capacity 4131K, committed 4144K, reserved 1048576K
}
Event: 12.325 GC heap after
{Heap after GC invocations=8 (full 0):
 garbage-first heap   total 37888K, used 12421K [0x0000000082000000, 0x0000000100000000)
  region size 1024K, 2 young (2048K), 2 survivors (2048K)
 Metaspace       used 29274K, capacity 30337K, committed 30512K, reserved 1075200K
  class space    used 3735K, capacity 4131K, committed 4144K, reserved 1048576K
}
Event: 12.917 GC heap before
{Heap before GC invocations=8 (full 0):
 garbage-first heap   total 37888K, used 27781K [0x0000000082000000, 0x0000000100000000)
  region size 1024K, 17 young (17408K), 2 survivors (2048K)
 Metaspace       used 32648K, capacity 33774K, committed 33840K, reserved 1079296K
  class space    used 4178K, capacity 4641K, committed 4656K, reserved 1048576K
}
Event: 12.923 GC heap after
{Heap after GC invocations=9 (full 0):
 garbage-first heap   total 37888K, used 14414K [0x0000000082000000, 0x0000000100000000)
  region size 1024K, 3 young (3072K), 3 survivors (3072K)
 Metaspace       used 32648K, capacity 33774K, committed 33840K, reserved 1079296K
  class space    used 4178K, capacity 4641K, committed 4656K, reserved 1048576K
}
Event: 13.216 GC heap before
{Heap before GC invocations=9 (full 0):
 garbage-first heap   total 37888K, used 23630K [0x0000000082000000, 0x0000000100000000)
  region size 1024K, 13 young (13312K), 3 survivors (3072K)
 Metaspace       used 34673K, capacity 35818K, committed 35888K, reserved 1081344K
  class space    used 4422K, capacity 4889K, committed 4912K, reserved 1048576K
}
Event: 13.228 GC heap after
{Heap after GC invocations=10 (full 0):
 garbage-first heap   total 37888K, used 15665K [0x0000000082000000, 0x0000000100000000)
  region size 1024K, 2 young (2048K), 2 survivors (2048K)
 Metaspace       used 34673K, capacity 35818K, committed 35888K, reserved 1081344K
  class space    used 4422K, capacity 4889K, committed 4912K, reserved 1048576K
}
Event: 13.516 GC heap before
{Heap before GC invocations=11 (full 0):
 garbage-first heap   total 37888K, used 26929K [0x0000000082000000, 0x0000000100000000)
  region size 1024K, 14 young (14336K), 2 survivors (2048K)
 Metaspace       used 35714K, capacity 37008K, committed 37404K, reserved 1081344K
  class space    used 4562K, capacity 5070K, committed 5168K, reserved 1048576K
}
Event: 13.520 GC heap after
{Heap after GC invocations=12 (full 0):
 garbage-first heap   total 37888K, used 16431K [0x0000000082000000, 0x0000000100000000)
  region size 1024K, 1 young (1024K), 1 survivors (1024K)
 Metaspace       used 35714K, capacity 37008K, committed 37404K, reserved 1081344K
  class space    used 4562K, capacity 5070K, committed 5168K, reserved 1048576K
}
Event: 13.735 GC heap before
{Heap before GC invocations=12 (full 0):
 garbage-first heap   total 37888K, used 28719K [0x0000000082000000, 0x0000000100000000)
  region size 1024K, 13 young (13312K), 1 survivors (1024K)
 Metaspace       used 37052K, capacity 38333K, committed 38556K, reserved 1083392K
  class space    used 4761K, capacity 5253K, committed 5296K, reserved 1048576K
}
Event: 13.739 GC heap after
{Heap after GC invocations=13 (full 0):
 garbage-first heap   total 37888K, used 16956K [0x0000000082000000, 0x0000000100000000)
  region size 1024K, 2 young (2048K), 2 survivors (2048K)
 Metaspace       used 37052K, capacity 38333K, committed 38556K, reserved 1083392K
  class space    used 4761K, capacity 5253K, committed 5296K, reserved 1048576K
}
Event: 14.080 GC heap before
{Heap before GC invocations=13 (full 0):
 garbage-first heap   total 37888K, used 28220K [0x0000000082000000, 0x0000000100000000)
  region size 1024K, 13 young (13312K), 2 survivors (2048K)
 Metaspace       used 38535K, capacity 39890K, committed 40092K, reserved 1083392K
  class space    used 4940K, capacity 5445K, committed 5552K, reserved 1048576K
}
Event: 14.085 GC heap after
{Heap after GC invocations=14 (full 0):
 garbage-first heap   total 37888K, used 17505K [0x0000000082000000, 0x0000000100000000)
  region size 1024K, 2 young (2048K), 2 survivors (2048K)
 Metaspace       used 38535K, capacity 39890K, committed 40092K, reserved 1083392K
  class space    used 4940K, capacity 5445K, committed 5552K, reserved 1048576K
}
Event: 14.635 GC heap before
{Heap before GC invocations=14 (full 0):
 garbage-first heap   total 37888K, used 27745K [0x0000000082000000, 0x0000000100000000)
  region size 1024K, 13 young (13312K), 2 survivors (2048K)
 Metaspace       used 39693K, capacity 41032K, committed 41244K, reserved 1085440K
  class space    used 5077K, capacity 5590K, committed 5680K, reserved 1048576K
}
Event: 14.640 GC heap after
{Heap after GC invocations=15 (full 0):
 garbage-first heap   total 37888K, used 18313K [0x0000000082000000, 0x0000000100000000)
  region size 1024K, 2 young (2048K), 2 survivors (2048K)
 Metaspace       used 39693K, capacity 41032K, committed 41244K, reserved 1085440K
  class space    used 5077K, capacity 5590K, committed 5680K, reserved 1048576K
}
Event: 37.728 GC heap before
{Heap before GC invocations=16 (full 0):
 garbage-first heap   total 37888K, used 27529K [0x0000000082000000, 0x0000000100000000)
  region size 1024K, 12 young (12288K), 2 survivors (2048K)
 Metaspace       used 41603K, capacity 43049K, committed 43292K, reserved 1087488K
  class space    used 5299K, capacity 5857K, committed 5936K, reserved 1048576K
}
Event: 37.747 GC heap after
{Heap after GC invocations=17 (full 0):
 garbage-first heap   total 37888K, used 19061K [0x0000000082000000, 0x0000000100000000)
  region size 1024K, 2 young (2048K), 2 survivors (2048K)
 Metaspace       used 41603K, capacity 43049K, committed 43292K, reserved 1087488K
  class space    used 5299K, capacity 5857K, committed 5936K, reserved 1048576K
}
Event: 137.386 GC heap before
{Heap before GC invocations=17 (full 0):
 garbage-first heap   total 37888K, used 28277K [0x0000000082000000, 0x0000000100000000)
  region size 1024K, 12 young (12288K), 2 survivors (2048K)
 Metaspace       used 43154K, capacity 44599K, committed 44700K, reserved 1087488K
  class space    used 5460K, capacity 6011K, committed 6064K, reserved 1048576K
}
Event: 137.409 GC heap after
{Heap after GC invocations=18 (full 0):
 garbage-first heap   total 37888K, used 19601K [0x0000000082000000, 0x0000000100000000)
  region size 1024K, 2 young (2048K), 2 survivors (2048K)
 Metaspace       used 43154K, capacity 44599K, committed 44700K, reserved 1087488K
  class space    used 5460K, capacity 6011K, committed 6064K, reserved 1048576K
}

