# JRE version: Java(TM) SE Runtime Environment (14.0.2+12) (build 14.0.2+12-46)
# Java VM: Java HotSpot(TM) 64-Bit Server VM (14.0.2+12-46, mixed mode, sharing, tiered, compressed oops, g1 gc, windows-amd64)
Heap:
 garbage-first heap   total 129024K, used 18715K [0x0000000082000000, 0x0000000100000000)
  region size 1024K, 16 young (16384K), 3 survivors (3072K)
 Metaspace       used 14246K, capacity 14709K, committed 14848K, reserved 1062912K
  class space    used 1762K, capacity 1959K, committed 2048K, reserved 1048576K
GC Heap History (6 events):
Event: 1.516 GC heap before
{Heap before GC invocations=0 (full 0):
 garbage-first heap   total 129024K, used 12288K [0x0000000082000000, 0x0000000100000000)
  region size 1024K, 13 young (13312K), 0 survivors (0K)
 Metaspace       used 2982K, capacity 5658K, committed 5760K, reserved 1056768K
  class space    used 304K, capacity 569K, committed 640K, reserved 1048576K
}
Event: 1.539 GC heap after
{Heap after GC invocations=1 (full 0):
 garbage-first heap   total 129024K, used 4129K [0x0000000082000000, 0x0000000100000000)
  region size 1024K, 2 young (2048K), 2 survivors (2048K)
 Metaspace       used 2982K, capacity 5658K, committed 5760K, reserved 1056768K
  class space    used 304K, capacity 569K, committed 640K, reserved 1048576K
}
Event: 2.127 GC heap before
{Heap before GC invocations=1 (full 0):
 garbage-first heap   total 129024K, used 16417K [0x0000000082000000, 0x0000000100000000)
  region size 1024K, 14 young (14336K), 2 survivors (2048K)
 Metaspace       used 5799K, capacity 7424K, committed 7552K, reserved 1056768K
  class space    used 679K, capacity 864K, committed 896K, reserved 1048576K
}
Event: 2.132 GC heap after
{Heap after GC invocations=2 (full 0):
 garbage-first heap   total 129024K, used 5083K [0x0000000082000000, 0x0000000100000000)
  region size 1024K, 1 young (1024K), 1 survivors (1024K)
 Metaspace       used 5799K, capacity 7424K, committed 7552K, reserved 1056768K
  class space    used 679K, capacity 864K, committed 896K, reserved 1048576K
}
Event: 3.249 GC heap before
{Heap before GC invocations=2 (full 0):
 garbage-first heap   total 129024K, used 30683K [0x0000000082000000, 0x0000000100000000)
  region size 1024K, 26 young (26624K), 1 survivors (1024K)
 Metaspace       used 11581K, capacity 12202K, committed 12416K, reserved 1060864K
  class space    used 1426K, capacity 1619K, committed 1664K, reserved 1048576K
}
Event: 3.259 GC heap after
{Heap after GC invocations=3 (full 0):
 garbage-first heap   total 129024K, used 6427K [0x0000000082000000, 0x0000000100000000)
  region size 1024K, 3 young (3072K), 3 survivors (3072K)
 Metaspace       used 11581K, capacity 12202K, committed 12416K, reserved 1060864K
  class space    used 1426K, capacity 1619K, committed 1664K, reserved 1048576K
}

